"-*- Mode: auto-revert -*-"
/Users/jagadishbapanapally/Documents/acl2/books/nonstd/nsa/banach-tarski
HOST: jagadishs-mbp.uwyo.edu

Environment variables:
ACL2_CUSTOMIZATION=NONE
ACL2_SYSTEM_BOOKS=/Users/jagadishbapanapally/Documents/acl2/books
ACL2=/Users/jagadishbapanapally/Documents/acl2/saved_acl2r

Temp lisp file:
(acl2::value :q)
(acl2::in-package "ACL2")
; see github issue #638 (waterfall-parallelism and profiling): 
#+(and hons (not acl2-par)) (profile-fn 'prove)
#+(and hons (not acl2-par)) (profile-fn 'certify-book-fn)
(acl2::lp)
(set-debugger-enable :bt)
(acl2::in-package "ACL2")

(set-ld-error-action (quote (:exit 1)) state)
(set-inhibit-output-lst (list (quote prove) (quote proof-tree) (quote warning) (quote observation) (quote event) (quote history)))

(acl2::assign acl2::get-internal-time-as-realtime acl2::t)
#-cmucl (acl2::gc-verbose t)
; instructions from .acl2 file :


; Prevent reset-prehistory while loading .port files
(acl2::assign acl2::skip-reset-prehistory acl2::t)
; portculli for included books:
(acl2::ld "workshops/2003/cowles-gamboa-van-baalen_matrix/support/matalg.port" :dir :SYSTEM :ld-missing-input-ok t)
#!ACL2 (set-ld-error-action (quote :continue) state)

; certify-book command flags: ? t
#!ACL2 (er-progn (time$ (certify-book "supportive-theorems" ? t  ))
                                 (value (prog2$ #+hons (memsum)
                                                 #-hons nil
                                                 (exit 43))))
--- End temp lisp file ---

TARGET: nonstd/nsa/banach-tarski/supportive-theorems
STEP: certify
Start of output:

This is SBCL 1.5.3, an implementation of ANSI Common Lisp.
More information about SBCL is available at <http://www.sbcl.org/>.

SBCL is free software, provided as is, with absolutely no warranty.
It is mostly in the public domain; some portions are provided under
BSD-style licenses.  See the CREDITS and COPYING files in the
distribution for more information.

 ++++++++++++++++++++++++++++++++++++++++++++++++++++++++++++++++++++++++
 + ACL2 Version 8.4(r)+ (a development snapshot based on ACL2 Version 8.4(r)) +
 +   built September 24, 2021  22:50:39.                                +
 +   (Git commit hash: 7dc3671eb8aaac25293dd0fb5107742142f0f0a1)        +
 + Copyright (C) 2021, Regents of the University of Texas.              +
 + ACL2 comes with ABSOLUTELY NO WARRANTY.  This is free software and   +
 + you are welcome to redistribute it under certain conditions.  For    +
 + details, see the LICENSE file distributed with ACL2.                 +
 ++++++++++++++++++++++++++++++++++++++++++++++++++++++++++++++++++++++++

System books directory "/Users/jagadishbapanapally/Documents/acl2/books/".
Type :help for help.
Type (quit) to quit completely out of ACL2.

ACL2(r) !>
Exiting the ACL2 read-eval-print loop.  To re-enter, execute (LP).
* #<PACKAGE "ACL2">
* PROVE
* CERTIFY-BOOK-FN
* 
System books directory "/Users/jagadishbapanapally/Documents/acl2/books/".
Type :help for help.
Type (quit) to quit completely out of ACL2.

ACL2(r) !><state>
ACL2(r) !> "ACL2"
ACL2(r) !> (:EXIT 1)
ACL2(r) !> (PROVE PROOF-TREE
        WARNING OBSERVATION EVENT HISTORY)
ACL2(r) !> T
ACL2(r) !>GC-VERBOSE is not supported in this Common Lisp.
Contact the ACL2 developers if you would like to help add such support.NIL
ACL2(r) !> T
ACL2(r) !>
System books directory "/Users/jagadishbapanapally/Documents/acl2/books/".
Type :help for help.
Type (quit) to quit completely out of ACL2.

ACL2(r) !>> "ACL2"
ACL2(r) !>>
Summary
Form:  ( INCLUDE-BOOK "cowles/portcullis" ...)
Rules: NIL
Time:  0.06 seconds (prove: 0.00, print: 0.00, other: 0.06)
 "/Users/jagadishbapanapally/Documents/acl2/books/cowles/portcullis.lisp"
ACL2(r) !>>Bye.
 :EOF
ACL2(r) !> :CONTINUE
ACL2(r) !>
Summary
Form:  ( INCLUDE-BOOK 
"workshops/2003/cowles-gamboa-van-baalen_matrix/support/matalg" ...)
Rules: NIL
Time:  0.03 seconds (prove: 0.00, print: 0.00, other: 0.03)
"/Users/jagadishbapanapally/Documents/acl2/books/workshops/2003/cowles-gamboa-van-baalen_matrix/support/matalg.lisp"

Summary
Form:  ( DEFTHM NORMALIZE-HEADER-NAME ...)
Rules: ((:DEFINITION HEADER)
        (:EXECUTABLE-COUNTERPART IF)
        (:EXECUTABLE-COUNTERPART SYNP))
Time:  0.00 seconds (prove: 0.00, print: 0.00, other: 0.00)
Prover steps counted:  22
NORMALIZE-HEADER-NAME
Goal'

Summary
Form:  ( DEFTHM NORMALIZE-DEFAULT-NAME ...)
Rules: ((:DEFINITION DEFAULT)
        (:DEFINITION SYNP)
        (:EXECUTABLE-COUNTERPART SYNP)
        (:FAKE-RUNE-FOR-TYPE-SET NIL)
        (:REWRITE NORMALIZE-HEADER-NAME))
Time:  0.00 seconds (prove: 0.00, print: 0.00, other: 0.00)
Prover steps counted:  109
NORMALIZE-DEFAULT-NAME
Goal'

Summary
Form:  ( DEFTHM NORMALIZE-MAXIMUM-LENGTH-NAME ...)
Rules: ((:DEFINITION MAXIMUM-LENGTH)
        (:DEFINITION SYNP)
        (:EXECUTABLE-COUNTERPART SYNP)
        (:FAKE-RUNE-FOR-TYPE-SET NIL)
        (:REWRITE NORMALIZE-HEADER-NAME))
Time:  0.00 seconds (prove: 0.00, print: 0.00, other: 0.00)
Prover steps counted:  109
NORMALIZE-MAXIMUM-LENGTH-NAME
Goal'

Summary
Form:  ( DEFTHM NORMALIZE-DIMENSIONS-NAME ...)
Rules: ((:DEFINITION DIMENSIONS)
        (:DEFINITION SYNP)
        (:EXECUTABLE-COUNTERPART SYNP)
        (:FAKE-RUNE-FOR-TYPE-SET NIL)
        (:REWRITE NORMALIZE-HEADER-NAME))
Time:  0.00 seconds (prove: 0.00, print: 0.00, other: 0.00)
Prover steps counted:  109
NORMALIZE-DIMENSIONS-NAME
Goal'
Subgoal *1/3
Subgoal *1/3'
Subgoal *1/2
Subgoal *1/2'
Subgoal *1/1

Summary
Form:  ( DEFTHM NORMALIZE-COMPRESS11-NAME ...)
Rules: ((:COMPOUND-RECOGNIZER ZP-COMPOUND-RECOGNIZER)
        (:DEFINITION COMPRESS11)
        (:DEFINITION NOT)
        (:DEFINITION NULL)
        (:DEFINITION SYNP)
        (:EXECUTABLE-COUNTERPART EQUAL)
        (:EXECUTABLE-COUNTERPART SYNP)
        (:FAKE-RUNE-FOR-TYPE-SET NIL)
        (:INDUCTION COMPRESS11)
        (:REWRITE COMMUTATIVITY-OF-+)
        (:REWRITE ZP-OPEN))
Time:  0.00 seconds (prove: 0.00, print: 0.00, other: 0.00)
Prover steps counted:  1783
NORMALIZE-COMPRESS11-NAME
Goal'
Subgoal 3
Subgoal 2
Subgoal 1

Summary
Form:  ( DEFTHM NORMALIZE-COMPRESS1-NAME ...)
Rules: ((:DEFINITION ARRAY-ORDER)
        (:DEFINITION COMPRESS1)
        (:DEFINITION REVERSE)
        (:DEFINITION SYNP)
        (:EXECUTABLE-COUNTERPART EQUAL)
        (:EXECUTABLE-COUNTERPART NOT)
        (:EXECUTABLE-COUNTERPART SYNP)
        (:FAKE-RUNE-FOR-TYPE-SET NIL)
        (:REWRITE NORMALIZE-COMPRESS11-NAME)
        (:REWRITE NORMALIZE-DEFAULT-NAME)
        (:REWRITE NORMALIZE-DIMENSIONS-NAME)
        (:REWRITE NORMALIZE-HEADER-NAME)
        (:TYPE-PRESCRIPTION COMPRESS11))
Time:  0.00 seconds (prove: 0.00, print: 0.00, other: 0.00)
Prover steps counted:  2094
NORMALIZE-COMPRESS1-NAME
Goal'
Subgoal *1/3
Subgoal *1/3'
Subgoal *1/2
Subgoal *1/2'
Subgoal *1/1

Summary
Form:  ( DEFTHM NORMALIZE-COMPRESS211-NAME ...)
Rules: ((:COMPOUND-RECOGNIZER ZP-COMPOUND-RECOGNIZER)
        (:DEFINITION COMPRESS211)
        (:DEFINITION NOT)
        (:DEFINITION NULL)
        (:DEFINITION SYNP)
        (:EXECUTABLE-COUNTERPART EQUAL)
        (:EXECUTABLE-COUNTERPART SYNP)
        (:FAKE-RUNE-FOR-TYPE-SET NIL)
        (:INDUCTION COMPRESS211)
        (:REWRITE ZP-OPEN)
        (:TYPE-PRESCRIPTION ASSOC2))
Time:  0.00 seconds (prove: 0.00, print: 0.00, other: 0.00)
Prover steps counted:  2216
NORMALIZE-COMPRESS211-NAME
Goal'
Subgoal *1/2
Subgoal *1/1

Summary
Form:  ( DEFTHM NORMALIZE-COMPRESS21-NAME ...)
Rules: ((:COMPOUND-RECOGNIZER ZP-COMPOUND-RECOGNIZER)
        (:DEFINITION COMPRESS21)
        (:DEFINITION COMPRESS211)
        (:DEFINITION FIX)
        (:DEFINITION NOT)
        (:DEFINITION SYNP)
        (:EXECUTABLE-COUNTERPART BINARY-+)
        (:EXECUTABLE-COUNTERPART EQUAL)
        (:EXECUTABLE-COUNTERPART SYNP)
        (:EXECUTABLE-COUNTERPART UNARY--)
        (:FAKE-RUNE-FOR-TYPE-SET NIL)
        (:INDUCTION COMPRESS21)
        (:REWRITE COMMUTATIVITY-OF-+)
        (:REWRITE NORMALIZE-COMPRESS211-NAME)
        (:REWRITE UNICITY-OF-0)
        (:REWRITE ZP-OPEN))
Time:  0.01 seconds (prove: 0.00, print: 0.00, other: 0.00)
Prover steps counted:  2746
NORMALIZE-COMPRESS21-NAME
Goal'

Summary
Form:  ( DEFTHM NORMALIZE-COMPRESS2-NAME ...)
Rules: ((:DEFINITION COMPRESS2)
        (:DEFINITION SYNP)
        (:EXECUTABLE-COUNTERPART SYNP)
        (:FAKE-RUNE-FOR-TYPE-SET NIL)
        (:REWRITE NORMALIZE-COMPRESS21-NAME)
        (:REWRITE NORMALIZE-DEFAULT-NAME)
        (:REWRITE NORMALIZE-DIMENSIONS-NAME)
        (:REWRITE NORMALIZE-HEADER-NAME))
Time:  0.00 seconds (prove: 0.00, print: 0.00, other: 0.00)
Prover steps counted:  501
NORMALIZE-COMPRESS2-NAME
Goal'

Summary
Form:  ( DEFTHM NORMALIZE-AREF2-NAME ...)
Rules: ((:DEFINITION AREF2)
        (:DEFINITION SYNP)
        (:EXECUTABLE-COUNTERPART SYNP)
        (:FAKE-RUNE-FOR-TYPE-SET NIL)
        (:REWRITE NORMALIZE-DEFAULT-NAME))
Time:  0.00 seconds (prove: 0.00, print: 0.00, other: 0.00)
Prover steps counted:  175
NORMALIZE-AREF2-NAME
Goal'

Summary
Form:  ( DEFTHM NORMALIZE-ARRAY2P-NAME ...)
Rules: ((:DEFINITION ARRAY2P)
        (:DEFINITION LENGTH)
        (:EXECUTABLE-COUNTERPART SYMBOLP)
        (:EXECUTABLE-COUNTERPART SYNP)
        (:FAKE-RUNE-FOR-TYPE-SET NIL))
Time:  0.00 seconds (prove: 0.00, print: 0.00, other: 0.00)
Prover steps counted:  626
NORMALIZE-ARRAY2P-NAME
Goal'

Summary
Form:  ( DEFTHM NORMALIZE-ALIST2P-NAME ...)
Rules: ((:DEFINITION ALIST2P)
        (:EXECUTABLE-COUNTERPART SYNP)
        (:FAKE-RUNE-FOR-TYPE-SET NIL))
Time:  0.00 seconds (prove: 0.00, print: 0.00, other: 0.00)
Prover steps counted:  489
NORMALIZE-ALIST2P-NAME



Summary
Form:  (CERTIFY-BOOK "supportive-theorems" ...)
Rules: NIL
Time:  0.07 seconds (prove: 0.03, print: 0.00, other: 0.04)
Prover steps counted:  10979
; (EV-REC *RETURN-LAST-ARG3* ...) took 
; 0.07 seconds realtime, 0.07 seconds runtime
; (19,184,848 bytes allocated).

Sorted by *memoize-summary-order-list* = (TOTAL-TIME NUMBER-OF-CALLS).
(CERTIFY-BOOK-FN
 Calls                                                                        1
 Time of all outermost calls                                               0.06
 Time per call                                                             0.06
 Heap bytes allocated                                            1.92e+7; 75.4%
 Heap bytes allocated per call                                          1.92e+7
 To self/unprofiled functions                                    3.81e-2; 58.7%
 To PROVE                                     1.44e+2 calls took 2.68e-2; 41.3%
 From other functions                        1.00e+0 calls took 6.49e-2; 100.0%)
(PROVE
 Calls                                                                      144
 Time of all outermost calls                                               0.03
 Time per call                                                          1.86e-4
 Heap bytes allocated                                            6.27e+6; 24.6%
 Heap bytes allocated per call                                          4.35e+4
 From CERTIFY-BOOK-FN                        1.44e+2 calls took 2.68e-2; 100.0%)
Exit code from ACL2 is 43
-rw-r--r--  1 jagadishbapanapally  staff  6246 Sep 25 00:14 supportive-theorems.cert
